<?xml version="1.0" encoding="UTF-8"?>
<!-- Generated by org.testng.reporters.JUnitReportReporter -->
<testsuite hostname="LAPTOP-LCTGBR4C" failures="0" tests="1" name="testCase.WorkersTest" time="5.976" errors="0" timestamp="2024-02-11T22:21:13 IST" skipped="0">
  <testcase classname="testCase.WorkersTest" name="verifyWorkersView" time="5.976"/>
  <system-out/>
</testsuite> <!-- testCase.WorkersTest -->
