<?xml version="1.0" encoding="UTF-8"?>
<!-- Generated by org.testng.reporters.JUnitReportReporter -->
<testsuite hostname="LAPTOP-LCTGBR4C" failures="0" tests="1" name="testCase.HomePageTest" time="8.059" errors="0" timestamp="2024-02-11T22:21:13 IST" skipped="0">
  <testcase classname="testCase.HomePageTest" name="verifyOnClickMenu" time="8.059"/>
  <system-out/>
</testsuite> <!-- testCase.HomePageTest -->
