<?xml version="1.0" encoding="UTF-8"?>
<!-- Generated by org.testng.reporters.JUnitReportReporter -->
<testsuite hostname="LAPTOP-LCTGBR4C" failures="0" tests="4" name="testCase.LoginPageTest" time="17.065" errors="0" timestamp="2024-02-11T22:21:13 IST" skipped="0">
  <testcase classname="testCase.LoginPageTest" name="verifyLoginWithIncorrectCredentials" time="4.414"/>
  <system-out/>
  <testcase classname="testCase.LoginPageTest" name="verifyLoginWithIncorrectCredentials" time="3.830"/>
  <system-out/>
  <testcase classname="testCase.LoginPageTest" name="verifyLoginWithIncorrectCredentials" time="3.727"/>
  <system-out/>
  <testcase classname="testCase.LoginPageTest" name="verifyLoginWithValidDetails" time="5.094"/>
  <system-out/>
</testsuite> <!-- testCase.LoginPageTest -->
