<?xml version="1.0" encoding="UTF-8"?>
<!-- Generated by org.testng.reporters.JUnitReportReporter -->
<testsuite hostname="LAPTOP-LCTGBR4C" failures="0" tests="3" name="testCase.ClientsPageTest" time="51.845" errors="0" timestamp="2024-02-05T22:00:07 IST" skipped="0">
  <testcase classname="testCase.ClientsPageTest" name="verifyResetfunctionality" time="16.713"/>
  <system-out/>
  <testcase classname="testCase.ClientsPageTest" name="verifyResetfunctionality" time="16.836"/>
  <system-out/>
  <testcase classname="testCase.ClientsPageTest" name="verifyResetfunctionality" time="18.296"/>
  <system-out/>
</testsuite> <!-- testCase.ClientsPageTest -->
