<?xml version="1.0" encoding="UTF-8"?>
<!-- Generated by org.testng.reporters.JUnitReportReporter -->
<testsuite hostname="LAPTOP-LCTGBR4C" failures="0" tests="4" name="testCase.LoginPageTest" time="22.571" errors="0" timestamp="2024-01-25T20:54:34 IST" skipped="0">
  <testcase classname="testCase.LoginPageTest" name="verifyLoginWithIncorrectCredentials" time="8.124"/>
  <system-out/>
  <testcase classname="testCase.LoginPageTest" name="verifyLoginWithIncorrectCredentials" time="4.358"/>
  <system-out/>
  <testcase classname="testCase.LoginPageTest" name="verifyLoginWithIncorrectCredentials" time="5.297"/>
  <system-out/>
  <testcase classname="testCase.LoginPageTest" name="verifyLoginWithValidDetails" time="4.792"/>
  <system-out/>
</testsuite> <!-- testCase.LoginPageTest -->
