<?xml version="1.0" encoding="UTF-8"?>
<!-- Generated by org.testng.reporters.JUnitReportReporter -->
<testsuite hostname="LAPTOP-LCTGBR4C" failures="0" tests="1" name="testCase.HomePageTest" time="12.106" errors="0" timestamp="2024-02-04T15:43:51 IST" skipped="0">
  <testcase classname="testCase.HomePageTest" name="verifyOnClickMenu" time="12.106"/>
  <system-out/>
</testsuite> <!-- testCase.HomePageTest -->
