<?xml version="1.0" encoding="UTF-8"?>
<!-- Generated by org.testng.reporters.JUnitReportReporter -->
<testsuite hostname="LAPTOP-LCTGBR4C" failures="0" tests="1" name="testCase.HomePageTest" time="9.999" errors="0" timestamp="2024-01-23T23:02:02 IST" skipped="0">
  <testcase classname="testCase.HomePageTest" name="verifyOnClickClientsAndCreateClients" time="9.999"/>
  <system-out/>
</testsuite> <!-- testCase.HomePageTest -->
