<?xml version="1.0" encoding="UTF-8"?>
<!-- Generated by org.testng.reporters.JUnitReportReporter -->
<testsuite hostname="LAPTOP-LCTGBR4C" failures="0" tests="6" name="testCase.ClientsPageTest" time="43.088" errors="0" timestamp="2024-02-11T22:21:13 IST" skipped="0">
  <testcase classname="testCase.ClientsPageTest" name="verifyResetfunctionality" time="5.950"/>
  <system-out/>
  <testcase classname="testCase.ClientsPageTest" name="verifyValidClientSeach" time="8.216"/>
  <system-out/>
  <testcase classname="testCase.ClientsPageTest" name="verifyValidClientSeach" time="7.786"/>
  <system-out/>
  <testcase classname="testCase.ClientsPageTest" name="verifyValidClientSeach" time="9.480"/>
  <system-out/>
  <testcase classname="testCase.ClientsPageTest" name="verifyResetfunctionality" time="5.865"/>
  <system-out/>
  <testcase classname="testCase.ClientsPageTest" name="verifyResetfunctionality" time="5.791"/>
  <system-out/>
</testsuite> <!-- testCase.ClientsPageTest -->
