<?xml version="1.0" encoding="UTF-8"?>
<!-- Generated by org.testng.reporters.JUnitReportReporter -->
<testsuite hostname="LAPTOP-LCTGBR4C" failures="0" tests="3" name="testCase.TimeSheetTest" time="44.508" errors="0" timestamp="2024-02-11T22:21:13 IST" skipped="0">
  <testcase classname="testCase.TimeSheetTest" name="verifyUploadTimesheetFile" time="10.828"/>
  <system-out/>
  <testcase classname="testCase.TimeSheetTest" name="verifyGeneratePlaySlipButton" time="16.825"/>
  <system-out/>
  <testcase classname="testCase.TimeSheetTest" name="verifyGenerateInvoiceButton" time="16.855"/>
  <system-out/>
</testsuite> <!-- testCase.TimeSheetTest -->
